2025-04-26 17:36:15,625 - chat_monitor - INFO - Created new log file: chat_logs\chat_logs_2025-04-26.json
2025-04-26 17:37:28,182 - chat_monitor - INFO - Chat started between 2023022792 and 6261300717
2025-04-26 17:37:32,477 - chat_monitor - INFO - Logged text message from 6261300717 to 2023022792
2025-04-26 17:38:06,029 - chat_monitor - INFO - Logged photo message from 2023022792 to 6261300717
2025-04-26 17:39:30,819 - chat_monitor - INFO - Chat ended between 6261300717 and 2023022792, reason: manual
2025-04-26 17:40:09,755 - chat_monitor - INFO - Chat started between 811103440 and 6261300717
2025-04-26 17:40:15,655 - chat_monitor - INFO - Logged text message from 6261300717 to 811103440
2025-04-26 17:40:29,734 - chat_monitor - INFO - Logged text message from 6261300717 to 811103440
2025-04-26 17:40:30,581 - chat_monitor - INFO - Logged text message from 6261300717 to 811103440
2025-04-26 17:40:47,007 - chat_monitor - INFO - Logged text message from 6261300717 to 811103440
2025-04-26 17:41:15,823 - chat_monitor - INFO - Chat ended between 6261300717 and 811103440, reason: manual
2025-04-26 17:46:40,451 - chat_monitor - INFO - Chat started between 1923818771 and 5448598837
2025-04-26 17:46:46,521 - chat_monitor - INFO - Logged text message from 5448598837 to 1923818771
2025-04-26 17:46:47,130 - chat_monitor - INFO - Logged text message from 1923818771 to 5448598837
2025-04-26 17:46:55,619 - chat_monitor - INFO - Logged text message from 5448598837 to 1923818771
2025-04-26 17:47:04,629 - chat_monitor - INFO - Logged text message from 1923818771 to 5448598837
2025-04-26 17:47:09,504 - chat_monitor - INFO - Logged text message from 5448598837 to 1923818771
2025-04-26 17:47:15,345 - chat_monitor - INFO - Logged text message from 5448598837 to 1923818771
2025-04-26 17:47:19,483 - chat_monitor - INFO - Logged text message from 1923818771 to 5448598837
2025-04-26 17:47:24,023 - chat_monitor - INFO - Logged text message from 1923818771 to 5448598837
2025-04-26 17:47:24,956 - chat_monitor - INFO - Logged text message from 5448598837 to 1923818771
2025-04-26 17:47:31,371 - chat_monitor - INFO - Logged text message from 5448598837 to 1923818771
2025-04-26 17:47:31,774 - chat_monitor - INFO - Logged text message from 1923818771 to 5448598837
2025-04-26 17:47:34,281 - chat_monitor - INFO - Chat ended between 5448598837 and 1923818771, reason: manual
2025-04-26 17:47:45,004 - chat_monitor - INFO - Chat started between 5448598837 and 1923818771
2025-04-26 17:47:46,302 - chat_monitor - INFO - Logged text message from 5448598837 to 1923818771
2025-04-26 17:47:52,498 - chat_monitor - INFO - Logged text message from 1923818771 to 5448598837
2025-04-26 17:47:55,166 - chat_monitor - INFO - Logged text message from 5448598837 to 1923818771
2025-04-26 17:48:02,699 - chat_monitor - INFO - Logged text message from 1923818771 to 5448598837
2025-04-26 17:48:09,742 - chat_monitor - INFO - Chat ended between 5448598837 and 1923818771, reason: manual
2025-04-26 17:48:15,537 - chat_monitor - INFO - Chat started between 1923818771 and 5448598837
2025-04-26 17:48:18,405 - chat_monitor - INFO - Logged text message from 5448598837 to 1923818771
2025-04-26 17:48:18,822 - chat_monitor - INFO - Logged text message from 1923818771 to 5448598837
2025-04-26 17:48:23,617 - chat_monitor - INFO - Logged text message from 5448598837 to 1923818771
2025-04-26 17:48:26,258 - chat_monitor - INFO - Logged text message from 1923818771 to 5448598837
2025-04-26 17:48:30,498 - chat_monitor - INFO - Logged text message from 5448598837 to 1923818771
2025-04-26 17:48:38,440 - chat_monitor - INFO - Logged text message from 1923818771 to 5448598837
2025-04-26 17:48:42,768 - chat_monitor - INFO - Logged text message from 1923818771 to 5448598837
2025-04-26 17:48:46,897 - chat_monitor - INFO - Logged text message from 5448598837 to 1923818771
2025-04-26 17:48:51,928 - chat_monitor - INFO - Logged text message from 5448598837 to 1923818771
2025-04-26 17:48:53,266 - chat_monitor - INFO - Chat ended between 1923818771 and 5448598837, reason: manual
2025-04-26 17:48:59,694 - chat_monitor - INFO - Chat started between 2023022792 and 1923818771
2025-04-26 17:49:02,387 - chat_monitor - INFO - Logged text message from 1923818771 to 2023022792
2025-04-26 17:49:03,685 - chat_monitor - INFO - Logged text message from 2023022792 to 1923818771
2025-04-26 17:49:07,603 - chat_monitor - INFO - Logged text message from 2023022792 to 1923818771
2025-04-26 17:49:09,093 - chat_monitor - INFO - Logged text message from 1923818771 to 2023022792
2025-04-26 17:49:13,772 - chat_monitor - INFO - Logged text message from 2023022792 to 1923818771
2025-04-26 17:49:15,889 - chat_monitor - INFO - Logged text message from 2023022792 to 1923818771
2025-04-26 17:49:17,097 - chat_monitor - INFO - Logged text message from 2023022792 to 1923818771
2025-04-26 17:49:18,004 - chat_monitor - INFO - Logged text message from 1923818771 to 2023022792
2025-04-26 17:49:21,638 - chat_monitor - INFO - Logged text message from 1923818771 to 2023022792
2025-04-26 17:49:28,871 - chat_monitor - INFO - Logged text message from 2023022792 to 1923818771
2025-04-26 17:49:38,634 - chat_monitor - INFO - Logged text message from 2023022792 to 1923818771
2025-04-26 17:49:39,848 - chat_monitor - INFO - Logged text message from 1923818771 to 2023022792
2025-04-26 17:49:51,088 - chat_monitor - INFO - Logged text message from 2023022792 to 1923818771
2025-04-26 17:49:52,810 - chat_monitor - INFO - Logged text message from 1923818771 to 2023022792
2025-04-26 17:50:11,404 - chat_monitor - INFO - Logged text message from 2023022792 to 1923818771
2025-04-26 17:50:19,456 - chat_monitor - INFO - Logged text message from 1923818771 to 2023022792
2025-04-26 17:50:24,475 - chat_monitor - INFO - Logged text message from 1923818771 to 2023022792
2025-04-26 17:50:36,609 - chat_monitor - INFO - Logged text message from 2023022792 to 1923818771
2025-04-26 17:50:46,930 - chat_monitor - INFO - Logged text message from 2023022792 to 1923818771
2025-04-26 17:50:56,963 - chat_monitor - INFO - Logged text message from 2023022792 to 1923818771
2025-04-26 17:50:59,315 - chat_monitor - INFO - Logged text message from 1923818771 to 2023022792
2025-04-26 17:51:22,620 - chat_monitor - INFO - Logged text message from 1923818771 to 2023022792
2025-04-26 17:51:32,747 - chat_monitor - INFO - Logged text message from 1923818771 to 2023022792
2025-04-26 17:51:34,996 - chat_monitor - INFO - Logged text message from 2023022792 to 1923818771
2025-04-26 17:51:43,264 - chat_monitor - INFO - Logged text message from 1923818771 to 2023022792
2025-04-26 17:51:46,711 - chat_monitor - INFO - Logged text message from 2023022792 to 1923818771
2025-04-26 17:51:54,288 - chat_monitor - INFO - Logged text message from 1923818771 to 2023022792
2025-04-26 17:51:54,745 - chat_monitor - INFO - Logged text message from 2023022792 to 1923818771
2025-04-26 17:52:01,066 - chat_monitor - INFO - Logged text message from 1923818771 to 2023022792
2025-04-26 17:52:02,011 - chat_monitor - INFO - Logged text message from 1923818771 to 2023022792
2025-04-26 17:52:10,421 - chat_monitor - INFO - Logged text message from 2023022792 to 1923818771
2025-04-26 17:52:30,337 - chat_monitor - INFO - Logged document message from 1923818771 to 2023022792
2025-04-26 17:52:39,877 - chat_monitor - INFO - Logged text message from 2023022792 to 1923818771
2025-04-26 17:52:49,241 - chat_monitor - INFO - Logged text message from 2023022792 to 1923818771
2025-04-26 17:52:50,428 - chat_monitor - INFO - Logged text message from 1923818771 to 2023022792
2025-04-26 17:53:05,251 - chat_monitor - INFO - Logged text message from 1923818771 to 2023022792
2025-04-26 17:53:13,807 - chat_monitor - INFO - Logged text message from 2023022792 to 1923818771
2025-04-26 17:53:33,502 - chat_monitor - INFO - Logged text message from 2023022792 to 1923818771
2025-04-26 17:53:53,566 - chat_monitor - INFO - Logged photo message from 1923818771 to 2023022792
2025-04-26 17:54:01,302 - chat_monitor - INFO - Logged photo message from 2023022792 to 1923818771
2025-04-26 17:54:17,890 - chat_monitor - INFO - Logged text message from 1923818771 to 2023022792
2025-04-26 17:54:18,298 - chat_monitor - INFO - Logged text message from 2023022792 to 1923818771
2025-04-26 17:54:27,706 - chat_monitor - INFO - Logged text message from 2023022792 to 1923818771
2025-04-26 17:54:30,662 - chat_monitor - INFO - Logged text message from 2023022792 to 1923818771
2025-04-26 17:54:33,194 - chat_monitor - INFO - Logged text message from 2023022792 to 1923818771
2025-04-26 17:54:37,037 - chat_monitor - INFO - Logged text message from 2023022792 to 1923818771
2025-04-26 17:54:40,399 - chat_monitor - INFO - Logged document message from 1923818771 to 2023022792
2025-04-26 17:54:50,466 - chat_monitor - INFO - Logged text message from 2023022792 to 1923818771
2025-04-26 17:55:23,604 - chat_monitor - INFO - Logged video message from 1923818771 to 2023022792
2025-04-26 17:55:52,872 - chat_monitor - INFO - Logged photo message from 2023022792 to 1923818771
2025-04-26 17:55:59,061 - chat_monitor - INFO - Logged text message from 2023022792 to 1923818771
2025-04-26 17:56:34,520 - chat_monitor - INFO - Logged text message from 2023022792 to 1923818771
2025-04-26 17:56:41,936 - chat_monitor - INFO - Logged text message from 1923818771 to 2023022792
2025-04-26 17:56:43,034 - chat_monitor - INFO - Logged text message from 1923818771 to 2023022792
2025-04-26 17:56:48,394 - chat_monitor - INFO - Logged text message from 1923818771 to 2023022792
2025-04-26 17:57:20,257 - chat_monitor - INFO - Logged text message from 1923818771 to 2023022792
2025-04-26 17:57:21,935 - chat_monitor - INFO - Logged text message from 2023022792 to 1923818771
2025-04-26 17:57:31,061 - chat_monitor - INFO - Chat ended between 2023022792 and 1923818771, reason: manual
2025-04-26 17:57:53,946 - chat_monitor - INFO - Chat started between 5448598837 and 1437726359
2025-04-26 17:57:57,647 - chat_monitor - INFO - Logged text message from 1437726359 to 5448598837
2025-04-26 17:58:42,418 - chat_monitor - INFO - Logged text message from 5448598837 to 1437726359
2025-04-26 17:58:45,610 - chat_monitor - INFO - Chat started between 1923818771 and 6371975928
2025-04-26 17:58:47,236 - chat_monitor - INFO - Logged text message from 1923818771 to 6371975928
2025-04-26 17:58:50,445 - chat_monitor - INFO - Logged text message from 5448598837 to 1437726359
2025-04-26 17:58:52,037 - chat_monitor - INFO - Logged text message from 6371975928 to 1923818771
2025-04-26 17:58:56,494 - chat_monitor - INFO - Logged text message from 6371975928 to 1923818771
2025-04-26 17:59:02,421 - chat_monitor - INFO - Logged text message from 1437726359 to 5448598837
2025-04-26 17:59:03,178 - chat_monitor - INFO - Logged text message from 1923818771 to 6371975928
2025-04-26 17:59:07,811 - chat_monitor - INFO - Chat ended between 6371975928 and 1923818771, reason: started_new
2025-04-26 17:59:08,714 - chat_monitor - INFO - Logged text message from 5448598837 to 1437726359
2025-04-26 17:59:12,241 - chat_monitor - INFO - Chat started between 6371975928 and 1923818771
2025-04-26 17:59:13,405 - chat_monitor - INFO - Logged text message from 1437726359 to 5448598837
2025-04-26 17:59:16,108 - chat_monitor - INFO - Logged text message from 6371975928 to 1923818771
2025-04-26 17:59:21,289 - chat_monitor - INFO - Logged text message from 1437726359 to 5448598837
2025-04-26 17:59:23,258 - chat_monitor - INFO - Logged text message from 1923818771 to 6371975928
2025-04-26 17:59:25,819 - chat_monitor - INFO - Chat ended between 1923818771 and 6371975928, reason: manual
2025-04-26 17:59:28,682 - chat_monitor - INFO - Chat ended between 5448598837 and 1437726359, reason: manual
2025-04-26 17:59:34,371 - chat_monitor - INFO - Chat started between 1923818771 and 6371975928
2025-04-26 17:59:35,985 - chat_monitor - INFO - Logged text message from 1923818771 to 6371975928
2025-04-26 17:59:40,468 - chat_monitor - INFO - Logged text message from 6371975928 to 1923818771
2025-04-26 17:59:45,216 - chat_monitor - INFO - Logged text message from 1923818771 to 6371975928
2025-04-26 17:59:47,107 - chat_monitor - INFO - Chat ended between 1923818771 and 6371975928, reason: manual
2025-04-26 17:59:48,464 - chat_monitor - INFO - Chat started between 5448598837 and 1437726359
2025-04-26 17:59:57,204 - chat_monitor - INFO - Logged text message from 1437726359 to 5448598837
2025-04-26 17:59:57,613 - chat_monitor - INFO - Logged text message from 5448598837 to 1437726359
2025-04-26 18:00:01,513 - chat_monitor - INFO - Logged text message from 1437726359 to 5448598837
2025-04-26 18:00:02,056 - chat_monitor - INFO - Logged text message from 5448598837 to 1437726359
2025-04-26 18:00:06,740 - chat_monitor - INFO - Logged text message from 1437726359 to 5448598837
2025-04-26 18:00:11,916 - chat_monitor - INFO - Chat ended between 5448598837 and 1437726359, reason: manual
2025-04-26 18:00:15,220 - chat_monitor - INFO - Chat started between 1923818771 and 5448598837
2025-04-26 18:00:16,574 - chat_monitor - INFO - Logged text message from 1923818771 to 5448598837
2025-04-26 18:00:22,955 - chat_monitor - INFO - Logged text message from 5448598837 to 1923818771
2025-04-26 18:00:28,341 - chat_monitor - INFO - Logged text message from 1923818771 to 5448598837
2025-04-26 18:00:31,101 - chat_monitor - INFO - Logged text message from 1923818771 to 5448598837
2025-04-26 18:00:37,210 - chat_monitor - INFO - Logged text message from 1923818771 to 5448598837
2025-04-26 18:00:42,199 - chat_monitor - INFO - Logged text message from 5448598837 to 1923818771
2025-04-26 18:00:44,501 - chat_monitor - INFO - Logged text message from 5448598837 to 1923818771
2025-04-26 18:00:47,770 - chat_monitor - INFO - Logged text message from 5448598837 to 1923818771
2025-04-26 18:00:55,099 - chat_monitor - INFO - Logged text message from 1923818771 to 5448598837
2025-04-26 18:00:59,525 - chat_monitor - INFO - Logged text message from 1923818771 to 5448598837
2025-04-26 18:01:01,834 - chat_monitor - INFO - Logged text message from 5448598837 to 1923818771
2025-04-26 18:01:09,343 - chat_monitor - INFO - Logged text message from 5448598837 to 1923818771
2025-04-26 18:01:09,817 - chat_monitor - INFO - Logged text message from 1923818771 to 5448598837
2025-04-26 18:01:15,634 - chat_monitor - INFO - Logged text message from 1923818771 to 5448598837
2025-04-26 18:01:36,635 - chat_monitor - INFO - Logged text message from 5448598837 to 1923818771
2025-04-26 18:01:38,013 - chat_monitor - INFO - Logged photo message from 1923818771 to 5448598837
2025-04-26 18:01:45,223 - chat_monitor - INFO - Logged text message from 1923818771 to 5448598837
2025-04-26 18:01:59,686 - chat_monitor - INFO - Logged text message from 1923818771 to 5448598837
2025-04-26 18:02:00,380 - chat_monitor - INFO - Logged text message from 5448598837 to 1923818771
2025-04-26 18:02:16,473 - chat_monitor - INFO - Logged text message from 1923818771 to 5448598837
2025-04-26 18:02:28,841 - chat_monitor - INFO - Logged photo message from 5448598837 to 1923818771
2025-04-26 18:02:37,797 - chat_monitor - INFO - Logged text message from 5448598837 to 1923818771
2025-04-26 18:02:48,370 - chat_monitor - INFO - Logged text message from 1923818771 to 5448598837
2025-04-26 18:02:52,299 - chat_monitor - INFO - Logged text message from 1923818771 to 5448598837
2025-04-26 18:02:55,823 - chat_monitor - INFO - Chat started between 1437726359 and 6288080478
2025-04-26 18:02:59,179 - chat_monitor - INFO - Logged text message from 6288080478 to 1437726359
2025-04-26 18:03:01,558 - chat_monitor - INFO - Logged text message from 5448598837 to 1923818771
2025-04-26 18:03:07,871 - chat_monitor - INFO - Logged text message from 1923818771 to 5448598837
2025-04-26 18:03:15,540 - chat_monitor - INFO - Logged text message from 1437726359 to 6288080478
2025-04-26 18:03:19,224 - chat_monitor - INFO - Logged text message from 1437726359 to 6288080478
2025-04-26 18:03:20,721 - chat_monitor - INFO - Logged text message from 5448598837 to 1923818771
2025-04-26 18:03:21,241 - chat_monitor - INFO - Logged text message from 6288080478 to 1437726359
2025-04-26 18:03:32,293 - chat_monitor - INFO - Logged text message from 1437726359 to 6288080478
2025-04-26 18:03:41,984 - chat_monitor - INFO - Logged text message from 6288080478 to 1437726359
2025-04-26 18:03:43,868 - chat_monitor - INFO - Logged text message from 1923818771 to 5448598837
2025-04-26 18:03:44,835 - chat_monitor - INFO - Logged text message from 6288080478 to 1437726359
2025-04-26 18:03:46,039 - chat_monitor - INFO - Logged text message from 1437726359 to 6288080478
2025-04-26 18:03:49,461 - chat_monitor - INFO - Logged text message from 6288080478 to 1437726359
2025-04-26 18:03:51,763 - chat_monitor - INFO - Logged text message from 1437726359 to 6288080478
2025-04-26 18:03:53,312 - chat_monitor - INFO - Logged text message from 1437726359 to 6288080478
2025-04-26 18:03:57,851 - chat_monitor - INFO - Logged text message from 1437726359 to 6288080478
2025-04-26 18:04:01,943 - chat_monitor - INFO - Logged text message from 6288080478 to 1437726359
2025-04-26 18:04:02,747 - chat_monitor - INFO - Logged text message from 1923818771 to 5448598837
2025-04-26 18:04:03,379 - chat_monitor - INFO - Logged text message from 5448598837 to 1923818771
2025-04-26 18:04:04,671 - chat_monitor - INFO - Logged text message from 6288080478 to 1437726359
2025-04-26 18:04:05,430 - chat_monitor - INFO - Logged text message from 1437726359 to 6288080478
2025-04-26 18:04:11,824 - chat_monitor - INFO - Logged text message from 1437726359 to 6288080478
2025-04-26 18:04:18,639 - chat_monitor - INFO - Logged text message from 6288080478 to 1437726359
2025-04-26 18:04:19,065 - chat_monitor - INFO - Logged text message from 1437726359 to 6288080478
2025-04-26 18:04:21,742 - chat_monitor - INFO - Logged text message from 5448598837 to 1923818771
2025-04-26 18:04:23,579 - chat_monitor - INFO - Logged text message from 6288080478 to 1437726359
2025-04-26 18:04:28,732 - chat_monitor - INFO - Logged text message from 1437726359 to 6288080478
2025-04-26 18:04:32,919 - chat_monitor - INFO - Logged text message from 1437726359 to 6288080478
2025-04-26 18:04:35,561 - chat_monitor - INFO - Logged text message from 5448598837 to 1923818771
2025-04-26 18:04:36,652 - chat_monitor - INFO - Logged text message from 6288080478 to 1437726359
2025-04-26 18:04:39,295 - chat_monitor - INFO - Logged text message from 6288080478 to 1437726359
2025-04-26 18:04:43,580 - chat_monitor - INFO - Logged text message from 1923818771 to 5448598837
2025-04-26 18:04:48,209 - chat_monitor - INFO - Logged text message from 1923818771 to 5448598837
2025-04-26 18:04:58,319 - chat_monitor - INFO - Logged text message from 1437726359 to 6288080478
2025-04-26 18:05:00,521 - chat_monitor - INFO - Logged text message from 1923818771 to 5448598837
2025-04-26 18:05:01,204 - chat_monitor - INFO - Logged text message from 6288080478 to 1437726359
2025-04-26 18:05:09,128 - chat_monitor - INFO - Logged text message from 5448598837 to 1923818771
2025-04-26 18:05:09,528 - chat_monitor - INFO - Logged text message from 1923818771 to 5448598837
2025-04-26 18:05:10,871 - chat_monitor - INFO - Logged text message from 6288080478 to 1437726359
2025-04-26 18:05:18,033 - chat_monitor - INFO - Logged text message from 1923818771 to 5448598837
2025-04-26 18:05:22,371 - chat_monitor - INFO - Logged text message from 1437726359 to 6288080478
2025-04-26 18:05:29,051 - chat_monitor - INFO - Logged text message from 5448598837 to 1923818771
2025-04-26 18:05:35,414 - chat_monitor - INFO - Logged text message from 1923818771 to 5448598837
2025-04-26 18:05:35,837 - chat_monitor - INFO - Logged text message from 1437726359 to 6288080478
2025-04-26 18:05:39,403 - chat_monitor - INFO - Logged text message from 6288080478 to 1437726359
2025-04-26 18:05:41,594 - chat_monitor - INFO - Logged text message from 1437726359 to 6288080478
2025-04-26 18:05:46,930 - chat_monitor - INFO - Logged text message from 5448598837 to 1923818771
2025-04-26 18:05:51,616 - chat_monitor - INFO - Logged text message from 1923818771 to 5448598837
2025-04-26 18:05:56,527 - chat_monitor - INFO - Logged text message from 6288080478 to 1437726359
2025-04-26 18:05:58,482 - chat_monitor - INFO - Logged text message from 5448598837 to 1923818771
2025-04-26 18:06:00,765 - chat_monitor - INFO - Logged text message from 1437726359 to 6288080478
2025-04-26 18:06:06,357 - chat_monitor - INFO - Chat ended between 6288080478 and 1437726359, reason: started_new
2025-04-26 18:06:07,208 - chat_monitor - INFO - Chat started between 488743899 and 6288080478
2025-04-26 18:06:07,617 - chat_monitor - INFO - Logged text message from 1923818771 to 5448598837
2025-04-26 18:06:14,659 - chat_monitor - INFO - Chat ended between 6288080478 and 488743899, reason: manual
2025-04-26 18:06:16,676 - chat_monitor - INFO - Chat started between 8176082463 and 6288080478
2025-04-26 18:06:18,390 - chat_monitor - INFO - Logged text message from 5448598837 to 1923818771
2025-04-26 18:06:22,157 - chat_monitor - INFO - Logged text message from 8176082463 to 6288080478
2025-04-26 18:06:31,848 - chat_monitor - INFO - Logged text message from 6288080478 to 8176082463
2025-04-26 18:06:33,764 - chat_monitor - INFO - Logged text message from 6288080478 to 8176082463
2025-04-26 18:06:48,475 - chat_monitor - INFO - Logged text message from 1923818771 to 5448598837
2025-04-26 18:07:04,691 - chat_monitor - INFO - Chat ended between 6288080478 and 8176082463, reason: manual
2025-04-26 18:07:25,635 - chat_monitor - INFO - Chat started between 6288080478 and 8176082463
2025-04-26 18:07:26,075 - chat_monitor - INFO - Logged text message from 6288080478 to 8176082463
2025-04-26 18:07:26,477 - chat_monitor - INFO - Logged text message from 1923818771 to 5448598837
2025-04-26 18:07:29,476 - chat_monitor - INFO - Logged text message from 6288080478 to 8176082463
2025-04-26 18:07:29,895 - chat_monitor - INFO - Logged text message from 8176082463 to 6288080478
2025-04-26 18:07:33,481 - chat_monitor - INFO - Logged text message from 6288080478 to 8176082463
2025-04-26 18:07:40,202 - chat_monitor - INFO - Logged text message from 8176082463 to 6288080478
2025-04-26 18:07:49,737 - chat_monitor - INFO - Logged text message from 8176082463 to 6288080478
2025-04-26 18:07:50,903 - chat_monitor - INFO - Logged text message from 6288080478 to 8176082463
2025-04-26 18:07:52,415 - chat_monitor - INFO - Logged text message from 8176082463 to 6288080478
2025-04-26 18:07:57,251 - chat_monitor - INFO - Logged text message from 8176082463 to 6288080478
2025-04-26 18:08:02,920 - chat_monitor - INFO - Chat ended between 6288080478 and 8176082463, reason: manual
2025-04-26 18:08:11,020 - chat_monitor - INFO - Logged text message from 1923818771 to 5448598837
2025-04-26 18:08:35,792 - chat_monitor - INFO - Logged text message from 5448598837 to 1923818771
2025-04-26 18:08:37,360 - chat_monitor - INFO - Logged text message from 1923818771 to 5448598837
2025-04-26 18:08:48,226 - chat_monitor - INFO - Logged text message from 1923818771 to 5448598837
2025-04-26 18:10:20,398 - chat_monitor - INFO - Logged text message from 1923818771 to 5448598837
2025-04-26 18:12:01,295 - chat_monitor - INFO - Logged text message from 1923818771 to 5448598837
2025-04-26 18:12:34,292 - chat_monitor - INFO - Logged photo message from 1923818771 to 5448598837
2025-04-26 18:12:47,201 - chat_monitor - INFO - Logged text message from 1923818771 to 5448598837
2025-04-26 18:15:42,336 - chat_monitor - INFO - Logged text message from 5448598837 to 1923818771
2025-04-26 18:15:51,306 - chat_monitor - INFO - Logged text message from 5448598837 to 1923818771
2025-04-26 18:15:55,368 - chat_monitor - INFO - Logged text message from 1923818771 to 5448598837
2025-04-26 18:15:57,847 - chat_monitor - INFO - Logged photo message from 5448598837 to 1923818771
2025-04-26 18:16:05,803 - chat_monitor - INFO - Logged text message from 1923818771 to 5448598837
2025-04-26 18:16:18,421 - chat_monitor - INFO - Logged text message from 1923818771 to 5448598837
2025-04-26 18:16:26,479 - chat_monitor - INFO - Logged text message from 1923818771 to 5448598837
2025-04-26 18:16:27,958 - chat_monitor - INFO - Logged text message from 1923818771 to 5448598837
2025-04-26 18:16:52,709 - chat_monitor - INFO - Logged photo message from 5448598837 to 1923818771
2025-04-26 18:17:07,566 - chat_monitor - INFO - Logged photo message from 5448598837 to 1923818771
2025-04-26 18:17:12,315 - chat_monitor - INFO - Logged text message from 1923818771 to 5448598837
2025-04-26 18:17:25,073 - chat_monitor - INFO - Logged text message from 5448598837 to 1923818771
2025-04-26 18:17:33,750 - chat_monitor - INFO - Logged text message from 1923818771 to 5448598837
2025-04-26 18:18:10,091 - chat_monitor - INFO - Logged text message from 1923818771 to 5448598837
2025-04-26 18:19:10,190 - chat_monitor - INFO - Logged text message from 5448598837 to 1923818771
2025-04-26 18:19:19,281 - chat_monitor - INFO - Logged photo message from 5448598837 to 1923818771
2025-04-26 18:19:37,825 - chat_monitor - INFO - Logged photo message from 5448598837 to 1923818771
2025-04-26 18:20:16,232 - chat_monitor - INFO - Logged text message from 5448598837 to 1923818771
2025-04-26 18:20:38,986 - chat_monitor - INFO - Logged text message from 5448598837 to 1923818771
2025-04-26 18:20:47,845 - chat_monitor - INFO - Logged text message from 5448598837 to 1923818771
2025-04-26 18:21:34,780 - chat_monitor - INFO - Logged text message from 5448598837 to 1923818771
2025-04-26 18:21:40,015 - chat_monitor - INFO - Logged text message from 5448598837 to 1923818771
2025-04-26 18:21:51,499 - chat_monitor - INFO - Logged photo message from 5448598837 to 1923818771
2025-04-26 18:22:09,034 - chat_monitor - INFO - Logged text message from 5448598837 to 1923818771
2025-04-26 18:22:50,453 - chat_monitor - INFO - Logged text message from 5448598837 to 1923818771
2025-04-26 18:23:01,640 - chat_monitor - INFO - Logged text message from 1923818771 to 5448598837
2025-04-26 18:23:02,120 - chat_monitor - INFO - Logged text message from 5448598837 to 1923818771
2025-04-26 18:23:05,940 - chat_monitor - INFO - Logged text message from 1923818771 to 5448598837
2025-04-26 18:23:07,492 - chat_monitor - INFO - Logged text message from 1923818771 to 5448598837
2025-04-26 18:23:13,658 - chat_monitor - INFO - Logged text message from 1923818771 to 5448598837
2025-04-26 18:23:14,078 - chat_monitor - INFO - Logged text message from 5448598837 to 1923818771
2025-04-26 18:23:28,612 - chat_monitor - INFO - Logged text message from 1923818771 to 5448598837
2025-04-26 18:23:29,033 - chat_monitor - INFO - Logged text message from 5448598837 to 1923818771
2025-04-26 18:23:39,217 - chat_monitor - INFO - Logged text message from 1923818771 to 5448598837
2025-04-26 18:23:52,807 - chat_monitor - INFO - Logged text message from 5448598837 to 1923818771
2025-04-26 18:24:05,422 - chat_monitor - INFO - Logged video message from 1923818771 to 5448598837
2025-04-26 18:24:17,900 - chat_monitor - INFO - Logged text message from 5448598837 to 1923818771
2025-04-26 18:24:24,980 - chat_monitor - INFO - Logged document message from 1923818771 to 5448598837
2025-04-26 18:24:37,288 - chat_monitor - INFO - Logged text message from 1923818771 to 5448598837
2025-04-26 18:24:39,509 - chat_monitor - INFO - Logged text message from 5448598837 to 1923818771
2025-04-26 18:24:45,883 - chat_monitor - INFO - Logged text message from 5448598837 to 1923818771
2025-04-26 18:24:46,318 - chat_monitor - INFO - Logged text message from 1923818771 to 5448598837
2025-04-26 18:24:52,838 - chat_monitor - INFO - Logged text message from 1923818771 to 5448598837
2025-04-26 18:25:02,341 - chat_monitor - INFO - Logged text message from 1923818771 to 5448598837
2025-04-26 18:25:04,746 - chat_monitor - INFO - Logged document message from 1923818771 to 5448598837
2025-04-26 18:25:06,270 - chat_monitor - INFO - Logged document message from 1923818771 to 5448598837
2025-04-26 18:25:09,001 - chat_monitor - INFO - Logged text message from 1923818771 to 5448598837
2025-04-26 18:25:10,510 - chat_monitor - INFO - Logged text message from 1923818771 to 5448598837
2025-04-26 18:25:15,806 - chat_monitor - INFO - Logged sticker message from 5448598837 to 1923818771
2025-04-26 18:25:22,394 - chat_monitor - INFO - Logged text message from 5448598837 to 1923818771
2025-04-26 18:25:25,832 - chat_monitor - INFO - Logged document message from 1923818771 to 5448598837
2025-04-26 18:25:31,322 - chat_monitor - INFO - Logged document message from 1923818771 to 5448598837
2025-04-26 18:25:35,113 - chat_monitor - INFO - Logged document message from 1923818771 to 5448598837
2025-04-26 18:25:45,583 - chat_monitor - INFO - Logged document message from 1923818771 to 5448598837
2025-04-26 18:25:46,435 - chat_monitor - INFO - Logged text message from 5448598837 to 1923818771
2025-04-26 18:26:00,832 - chat_monitor - INFO - Logged text message from 1923818771 to 5448598837
2025-04-26 18:26:08,050 - chat_monitor - INFO - Logged text message from 5448598837 to 1923818771
2025-04-26 18:26:16,018 - chat_monitor - INFO - Logged text message from 5448598837 to 1923818771
2025-04-26 18:26:16,448 - chat_monitor - INFO - Logged text message from 1923818771 to 5448598837
2025-04-26 18:26:23,353 - chat_monitor - INFO - Logged document message from 1923818771 to 5448598837
2025-04-26 18:26:25,233 - chat_monitor - INFO - Logged document message from 1923818771 to 5448598837
2025-04-26 18:26:27,477 - chat_monitor - INFO - Logged photo message from 5448598837 to 1923818771
2025-04-26 18:26:41,863 - chat_monitor - INFO - Logged photo message from 5448598837 to 1923818771
2025-04-26 18:26:51,228 - chat_monitor - INFO - Logged sticker message from 1923818771 to 5448598837
2025-04-26 18:26:57,493 - chat_monitor - INFO - Logged sticker message from 1923818771 to 5448598837
2025-04-26 18:26:57,924 - chat_monitor - INFO - Logged text message from 5448598837 to 1923818771
2025-04-26 18:27:01,095 - chat_monitor - INFO - Logged sticker message from 1923818771 to 5448598837
2025-04-26 18:27:10,836 - chat_monitor - INFO - Logged text message from 1923818771 to 5448598837
2025-04-26 18:27:11,740 - chat_monitor - INFO - Logged text message from 5448598837 to 1923818771
2025-04-26 18:27:26,458 - chat_monitor - INFO - Logged text message from 1923818771 to 5448598837
2025-04-26 18:27:35,667 - chat_monitor - INFO - Logged text message from 1923818771 to 5448598837
2025-04-26 18:27:40,070 - chat_monitor - INFO - Logged text message from 1923818771 to 5448598837
2025-04-26 18:27:58,404 - chat_monitor - INFO - Logged sticker message from 1923818771 to 5448598837
2025-04-26 18:28:08,918 - chat_monitor - INFO - Logged text message from 5448598837 to 1923818771
2025-04-26 18:28:11,676 - chat_monitor - INFO - Logged text message from 5448598837 to 1923818771
2025-04-26 18:28:26,089 - chat_monitor - INFO - Logged sticker message from 1923818771 to 5448598837
2025-04-26 18:28:45,475 - chat_monitor - INFO - Logged text message from 5448598837 to 1923818771
2025-04-26 18:28:51,140 - chat_monitor - INFO - Logged sticker message from 1923818771 to 5448598837
2025-04-26 18:28:58,371 - chat_monitor - INFO - Logged text message from 5448598837 to 1923818771
2025-04-26 18:29:00,711 - chat_monitor - INFO - Logged text message from 5448598837 to 1923818771
2025-04-26 18:29:04,051 - chat_monitor - INFO - Logged text message from 5448598837 to 1923818771
2025-04-26 18:29:07,849 - chat_monitor - INFO - Logged document message from 1923818771 to 5448598837
2025-04-26 18:29:12,046 - chat_monitor - INFO - Logged document message from 1923818771 to 5448598837
2025-04-26 18:29:21,611 - chat_monitor - INFO - Logged text message from 5448598837 to 1923818771
2025-04-26 18:29:38,106 - chat_monitor - INFO - Logged document message from 1923818771 to 5448598837
2025-04-26 18:29:44,410 - chat_monitor - INFO - Logged text message from 5448598837 to 1923818771
2025-04-26 18:29:52,888 - chat_monitor - INFO - Logged document message from 1923818771 to 5448598837
2025-04-26 18:29:53,308 - chat_monitor - INFO - Logged text message from 5448598837 to 1923818771
2025-04-26 18:30:00,653 - chat_monitor - INFO - Logged text message from 1923818771 to 5448598837
2025-04-26 18:30:02,363 - chat_monitor - INFO - Logged text message from 1923818771 to 5448598837
2025-04-26 18:30:05,816 - chat_monitor - INFO - Logged text message from 1923818771 to 5448598837
2025-04-26 18:30:14,215 - chat_monitor - INFO - Logged document message from 1923818771 to 5448598837
2025-04-26 18:30:14,639 - chat_monitor - INFO - Logged text message from 5448598837 to 1923818771
2025-04-26 18:30:15,249 - chat_monitor - INFO - Logged document message from 1923818771 to 5448598837
2025-04-26 18:30:17,347 - chat_monitor - INFO - Logged text message from 5448598837 to 1923818771
2025-04-26 18:30:26,512 - chat_monitor - INFO - Logged text message from 1923818771 to 5448598837
2025-04-26 18:30:30,605 - chat_monitor - INFO - Logged text message from 1923818771 to 5448598837
2025-04-26 18:30:35,171 - chat_monitor - INFO - Logged text message from 1923818771 to 5448598837
2025-04-26 18:30:41,558 - chat_monitor - INFO - Logged text message from 5448598837 to 1923818771
2025-04-26 18:30:55,948 - chat_monitor - INFO - Logged text message from 5448598837 to 1923818771
2025-04-26 18:30:58,139 - chat_monitor - INFO - Logged text message from 5448598837 to 1923818771
2025-04-26 18:31:07,275 - chat_monitor - INFO - Logged text message from 5448598837 to 1923818771
2025-04-26 18:31:12,453 - chat_monitor - INFO - Logged text message from 1923818771 to 5448598837
2025-04-26 18:31:15,574 - chat_monitor - INFO - Logged text message from 5448598837 to 1923818771
2025-04-26 18:31:16,412 - chat_monitor - INFO - Logged text message from 1923818771 to 5448598837
2025-04-26 18:31:20,032 - chat_monitor - INFO - Logged text message from 1923818771 to 5448598837
2025-04-26 18:31:30,813 - chat_monitor - INFO - Logged text message from 5448598837 to 1923818771
2025-04-26 18:31:51,238 - chat_monitor - INFO - Logged text message from 1923818771 to 5448598837
2025-04-26 18:31:51,683 - chat_monitor - INFO - Logged text message from 1923818771 to 5448598837
2025-04-26 18:31:54,159 - chat_monitor - INFO - Logged text message from 5448598837 to 1923818771
2025-04-26 18:32:31,052 - chat_monitor - INFO - Logged sticker message from 1923818771 to 5448598837
2025-04-26 18:32:43,727 - chat_monitor - INFO - Logged sticker message from 5448598837 to 1923818771
2025-04-26 18:32:50,600 - chat_monitor - INFO - Logged sticker message from 1923818771 to 5448598837
2025-04-26 18:32:51,468 - chat_monitor - INFO - Logged sticker message from 5448598837 to 1923818771
2025-04-26 18:33:01,574 - chat_monitor - INFO - Logged sticker message from 1923818771 to 5448598837
2025-04-26 18:33:03,562 - chat_monitor - INFO - Logged sticker message from 5448598837 to 1923818771
2025-04-26 18:33:06,508 - chat_monitor - INFO - Logged sticker message from 1923818771 to 5448598837
2025-04-26 18:33:07,923 - chat_monitor - INFO - Logged sticker message from 5448598837 to 1923818771
2025-04-26 18:33:16,971 - chat_monitor - INFO - Logged sticker message from 1923818771 to 5448598837
2025-04-26 18:33:22,107 - chat_monitor - INFO - Logged sticker message from 1923818771 to 5448598837
2025-04-26 18:33:26,139 - chat_monitor - INFO - Logged sticker message from 5448598837 to 1923818771
2025-04-26 18:33:35,518 - chat_monitor - INFO - Logged sticker message from 1923818771 to 5448598837
2025-04-26 18:33:38,378 - chat_monitor - INFO - Logged sticker message from 5448598837 to 1923818771
2025-04-26 18:33:50,303 - chat_monitor - INFO - Chat ended between 5448598837 and 1923818771, reason: manual
2025-04-26 18:34:15,228 - chat_monitor - INFO - Chat started between 1437726359 and 5448598837
2025-04-26 18:34:19,799 - chat_monitor - INFO - Logged text message from 5448598837 to 1437726359
2025-04-26 18:34:36,542 - chat_monitor - INFO - Logged text message from 5448598837 to 1437726359
2025-04-26 18:35:30,048 - chat_monitor - INFO - Chat ended between 5448598837 and 1437726359, reason: manual
2025-04-26 18:36:16,275 - chat_monitor - INFO - Chat started between 1923818771 and 5448598837
2025-04-26 18:36:24,880 - chat_monitor - INFO - Logged text message from 1923818771 to 5448598837
2025-04-26 18:36:28,814 - chat_monitor - INFO - Logged text message from 1923818771 to 5448598837
2025-04-26 20:41:38,389 - chat_monitor - INFO - Chat started between 6261300717 and 2023022792
2025-04-26 20:41:40,940 - chat_monitor - INFO - Logged text message from 2023022792 to 6261300717
2025-04-26 20:41:44,549 - chat_monitor - INFO - Chat ended between 2023022792 and 6261300717, reason: manual
